<h1>
 Title: StudentSchedule Add() Error Message
</h1>
<h3>
 Author: Anonymous
</h3>
<h3>
 Date: 2021-05-15T12:56:57.908356+10:00
</h3>
<h3>
 Category: Assignments
</h3>
<h3>
 Vote Count: 0
</h3>
<document version="2.0">
 <paragraph>
  Hi, for the add() function in StudentSchedule, I keep getting this:
 </paragraph>
 <pre>Running test_studentschedule_add_noconflicts
Traceback (most recent call last):
  File ".\schedule_tests.py", line 297, in &lt;module&gt;
    testfn() # Adding the parentheses calls whatever testfn is
  File ".\schedule_tests.py", line 102, in test_studentschedule_add_noconflicts
    assert set(c.in_schedules) == set([my_schedule, roster]), \
AssertionError: CS 1110 LEC 001.in_schedules should be ['Cornell Fall 21 roster', 'My Plan A'], but is ['Cornell Fall 21 roster']</pre>
 <pre>Running test_studentschedule_add_conflicts
Traceback (most recent call last):
  File ".\schedule_tests.py", line 297, in &lt;module&gt;
    testfn() # Adding the parentheses calls whatever testfn is
  File ".\schedule_tests.py", line 195, in test_studentschedule_add_conflicts
    _assert_courses_match(my_schedule, test_courses) # So, should be no change
  File ".\schedule_tests.py", line 273, in _assert_courses_match
    assert set(sched.courses.values()) == set(exp_courses_list), \
AssertionError: Unexpected set of courses in schedule My Plan B:</pre>
</document>
<h3>
 Author: Troy Moslemi (he/him) (student)
</h3>
<h3>
 Vote Count: 0
</h3>
<document version="1.0">
 <paragraph>
  Reading your message now
 </paragraph>
</document>
<h3>
 ------------------------------------
</h3>
<h3>
 ----------- REPLIES -----------
</h3>
<h3>
 Author: Troy Moslemi (he/him) (student)
</h3>
<h3>
 Vote Count: 0
</h3>
<document version="2.0">
 <paragraph>
  Hi,
 </paragraph>
 <paragraph>
  Please use the super() method to access the super class add function method in your student-schedule add method function.
 </paragraph>
 <paragraph>
  Best,
 </paragraph>
 <paragraph>
  Troy
 </paragraph>
</document>
<h3>
 ------------------------------------
</h3>
<h3>
 Author: Anonymous
</h3>
<h3>
 Vote Count: 0
</h3>
<document version="2.0">
 <paragraph>
  Thank you for your reply, Troy.
 </paragraph>
 <paragraph>
  I did use the super() method. And my add() function in the super class has passed the test.
 </paragraph>
</document>
<h3>
 ------------------------------------
</h3>
<h3>
 Author: Troy Moslemi (he/him) (student)
</h3>
<h3>
 Vote Count: 0
</h3>
<document version="2.0">
 <paragraph>
  Okay, so you are no longer running into this issue you posted about?
 </paragraph>
</document>
<h3>
 ------------------------------------
</h3>
<h3>
 Author: Anonymous
</h3>
<h3>
 Vote Count: 0
</h3>
<document version="2.0">
 <paragraph>
  I'm asking about the Add() in the StudentSchedule. The one I passed was in class Schedule.
 </paragraph>
 <paragraph>
  So still having trouble passing these tests.
 </paragraph>
</document>
<h3>
 ------------------------------------
</h3>
<h3>
 Author: Troy Moslemi (he/him) (student)
</h3>
<h3>
 Vote Count: 0
</h3>
<document version="2.0">
 <paragraph>
  Are you adding the schedules to the in_schedules attribute of classes? You should be doing that.
 </paragraph>
 <paragraph>
 </paragraph>
</document>
<h3>
 ------------------------------------
</h3>
<h3>
 Author: Anonymous
</h3>
<h3>
 Vote Count: 0
</h3>
<document version="2.0">
 <paragraph>
  I did in the super class Add() , but not in StudentSchedule. Does the super().add take care of that?
 </paragraph>
</document>
<h3>
 ------------------------------------
</h3>
<h3>
 Author: Troy Moslemi (he/him) (student)
</h3>
<h3>
 Vote Count: 0
</h3>
<document version="2.0">
 <paragraph>
  You are using an argument for super().add right?
 </paragraph>
</document>
<h3>
 ------------------------------------
</h3>
<h3>
 Author: Anonymous
</h3>
<h3>
 Vote Count: 0
</h3>
<document version="2.0">
 <paragraph>
  Yes. It is c
 </paragraph>
</document>
<h3>
 ------------------------------------
</h3>